2019-01-03 00:36:16,189                                       
2019-01-03 00:36:16,189                                       
2019-01-03 00:36:16,189                                       
2019-01-03 00:36:16,189                                       
2019-01-03 00:36:16,189                                       
2019-01-03 00:36:16,189 New Run
2019-01-03 00:37:11,951                                       
2019-01-03 00:37:11,951                                       
2019-01-03 00:37:11,951                                       
2019-01-03 00:37:11,951                                       
2019-01-03 00:37:11,951                                       
2019-01-03 00:37:11,951 New Run
2019-01-03 00:38:54,538                                       
2019-01-03 00:38:54,538                                       
2019-01-03 00:38:54,538                                       
2019-01-03 00:38:54,538                                       
2019-01-03 00:38:54,538                                       
2019-01-03 00:38:54,538 New Run
2019-01-03 00:38:54,538 ['dietcal_example.py']
2019-01-03 01:30:05,638                                       
2019-01-03 01:30:05,639                                       
2019-01-03 01:30:05,639                                       
2019-01-03 01:30:05,639                                       
2019-01-03 01:30:05,639                                       
2019-01-03 01:30:05,639 New Run
2019-01-03 01:30:07,050 [[0.0, 0.0, 12.4512, 4.4575, -0.0, -0.0, 0.0, 0.0, 0.0, 0.0, 0.0, 0.0, 10.2348, 1.9375, 0.0, 0.2372, 0.0, 0.1346, 0.0, 0.0, 0.0, 4.7035, 0.0, 0.0, 0.0, 0.0, 0.0, 0.0, 0.0, 0.0, 0.0, 0.0, 0.0, 0.0, 2.27, 0.0, 0.0, 0.0, 0.4134, 0.0], 1, 2.7324073935626969]
2019-01-03 01:30:07,050 Finished run
2019-01-03 01:32:09,315                                       
2019-01-03 01:32:09,315                                       
2019-01-03 01:32:09,316                                       
2019-01-03 01:32:09,316                                       
2019-01-03 01:32:09,316                                       
2019-01-03 01:32:09,316 New Run
2019-01-03 01:32:10,710 [[-0.0, -0.0, 12.2058, 4.4957, -0.0, -0.0, -0.0, -0.0, -0.0, -0.0, -0.0, -0.0, 10.3299, 1.9331, -0.0, 0.2379, -0.0, 0.135, -0.0, -0.0, -0.0, 4.7022, -0.0, -0.0, -0.0, -0.0, -0.0, -0.0, -0.0, -0.0, -0.0, -0.0, -0.0, -0.0, 2.27, -0.0, -0.0, -0.0, 0.4138, -0.0], 1, 2.7324511578225343]
2019-01-03 01:32:10,710 Finished run
2019-01-03 01:44:04,668                                       
2019-01-03 01:44:04,668                                       
2019-01-03 01:44:04,668                                       
2019-01-03 01:44:04,668                                       
2019-01-03 01:44:04,669                                       
2019-01-03 01:44:04,669 New Run
2019-01-03 01:44:06,013 [[-0.0, -0.0, 12.3803, 4.4686, -0.0, -0.0, -0.0, -0.0, -0.0, -0.0, -0.0, -0.0, 10.2623, 1.9362, -0.0, 0.2374, -0.0, 0.1347, -0.0, -0.0, -0.0, 4.7031, -0.0, -0.0, -0.0, -0.0, -0.0, -0.0, -0.0, -0.0, -0.0, -0.0, -0.0, -0.0, 2.27, -0.0, -0.0, -0.0, 0.4135, -0.0], 1, 2.7324200421069804]
2019-01-03 01:44:06,014 Finished run
2019-01-03 01:52:11,493                                       
2019-01-03 01:52:11,493                                       
2019-01-03 01:52:11,493                                       
2019-01-03 01:52:11,493                                       
2019-01-03 01:52:11,493                                       
2019-01-03 01:52:11,493 New Run
2019-01-03 01:52:11,555                                       
2019-01-03 01:52:11,556                                       
2019-01-03 01:52:11,556 Before optimization
2019-01-03 01:52:11,556                                       
2019-01-03 01:52:11,556                                       
2019-01-03 01:52:11,556 Before Instantiate optimization
2019-01-03 01:52:12,973 [[-0.0, -0.0, 12.5559, 4.4413, -0.0, -0.0, -0.0, -0.0, -0.0, -0.0, -0.0, -0.0, 10.1943, 1.9394, -0.0, 0.2369, -0.0, 0.1344, -0.0, -0.0, -0.0, 4.704, -0.0, -0.0, -0.0, -0.0, -0.0, -0.0, -0.0, -0.0, -0.0, -0.0, -0.0, -0.0, 2.27, -0.0, -0.0, -0.0, 0.4132, -0.0], 1, 2.7323887268616058]
2019-01-03 01:52:12,974 Finished run
2019-01-03 01:53:10,475                                       
2019-01-03 01:53:10,475                                       
2019-01-03 01:53:10,475                                       
2019-01-03 01:53:10,475                                       
2019-01-03 01:53:10,475                                       
2019-01-03 01:53:10,475 New Run
2019-01-03 01:53:11,898 [[0.0, 0.0, 12.6067, 4.4334, 0.0, 0.0, 0.0, 0.0, 0.0, 0.0, 0.0, 0.0, 10.1746, 1.9403, 0.0, 0.2368, 0.0, 0.1343, 0.0, 0.0, 0.0, 4.7043, 0.0, 0.0, 0.0, 0.0, 0.0, 0.0, 0.0, 0.0, 0.0, 0.0, 0.0, 0.0, 2.27, 0.0, 0.0, 0.0, 0.4131, 0.0], 1, 2.7323796610346331]
2019-01-03 01:53:11,899 Finished run
2019-01-03 01:53:51,372                                       
2019-01-03 01:53:51,372                                       
2019-01-03 01:53:51,372                                       
2019-01-03 01:53:51,372                                       
2019-01-03 01:53:51,372                                       
2019-01-03 01:53:51,372 New Run
2019-01-03 01:53:52,723 [[-0.0, -0.0, 13.0795, 4.3599, -0.0, 0.0, -0.0, -0.0, -0.0, 0.0, -0.0, -0.0, 9.9914, 1.9488, -0.0, 0.2354, -0.0, 0.1336, -0.0, -0.0, -0.0, 4.7068, -0.0, -0.0, -0.0, -0.0, -0.0, -0.0, -0.0, -0.0, -0.0, -0.0, -0.0, -0.0, 2.27, -0.0, -0.0, 0.0, 0.4124, -0.0], 1, 2.732295357717506]
2019-01-03 01:53:52,723 Finished run
2019-01-03 01:54:14,755                                       
2019-01-03 01:54:14,755                                       
2019-01-03 01:54:14,755                                       
2019-01-03 01:54:14,755                                       
2019-01-03 01:54:14,755                                       
2019-01-03 01:54:14,755 New Run
2019-01-03 01:54:16,100 [[-0.0, -0.0, 12.2848, 4.4834, -0.0, -0.0, -0.0, -0.0, -0.0, -0.0, -0.0, -0.0, 10.2993, 1.9345, -0.0, 0.2377, -0.0, 0.1348, -0.0, -0.0, -0.0, 4.7026, -0.0, -0.0, -0.0, -0.0, -0.0, -0.0, -0.0, -0.0, -0.0, -0.0, -0.0, -0.0, 2.27, -0.0, -0.0, -0.0, 0.4136, -0.0], 1, 2.7324370740667852]
2019-01-03 01:54:16,101 Finished run
2019-01-03 01:55:17,613                                       
2019-01-03 01:55:17,613                                       
2019-01-03 01:55:17,613                                       
2019-01-03 01:55:17,613                                       
2019-01-03 01:55:17,613                                       
2019-01-03 01:55:17,613 New Run
2019-01-03 01:55:19,010 [[-0.0, -0.0, 12.9216, 4.3844, -0.0, -0.0, -0.0, -0.0, -0.0, -0.0, -0.0, -0.0, 10.0526, 1.9459, -0.0, 0.2358, -0.0, 0.1339, -0.0, -0.0, -0.0, 4.706, -0.0, -0.0, -0.0, -0.0, -0.0, -0.0, -0.0, -0.0, -0.0, -0.0, -0.0, -0.0, 2.27, -0.0, -0.0, -0.0, 0.4126, -0.0], 1, 2.7323235128591579]
2019-01-03 01:55:19,010 Finished run
2019-01-03 01:56:07,716                                       
2019-01-03 01:56:07,716                                       
2019-01-03 01:56:07,716                                       
2019-01-03 01:56:07,717                                       
2019-01-03 01:56:07,717                                       
2019-01-03 01:56:07,717 New Run
2019-01-03 01:56:08,905 [[-0.0, -0.0, 12.4778, 4.4534, -0.0, -0.0, -0.0, -0.0, -0.0, -0.0, -0.0, -0.0, 10.2245, 1.938, -0.0, 0.2371, -0.0, 0.1345, -0.0, -0.0, -0.0, 4.7036, -0.0, 0.0, -0.0, -0.0, -0.0, -0.0, -0.0, -0.0, -0.0, -0.0, -0.0, -0.0, 2.27, -0.0, -0.0, -0.0, 0.4133, -0.0], 1, 2.7324026510082775]
2019-01-03 01:56:08,905 Finished run
2019-01-03 01:59:06,561                                       
2019-01-03 01:59:06,561                                       
2019-01-03 01:59:06,561                                       
2019-01-03 01:59:06,561                                       
2019-01-03 01:59:06,561                                       
2019-01-03 01:59:06,561 New Run
2019-01-03 01:59:07,830 [[0.0, 0.0, 12.0075, 4.5265, 0.0, 0.0, 0.0, 0.0, 0.0, 0.0, 0.0, 0.0, 10.4067, 1.9296, 0.0, 0.2385, 0.0, 0.1353, 0.0, 0.0, 0.0, 4.7012, 0.0, 0.0, 0.0, 0.0, 0.0, 0.0, 0.0, 0.0, 0.0, 0.0, 0.0, 0.0, 2.27, 0.0, 0.0, 0.0, 0.4141, 0.0], 1, 2.7324865224727843]
2019-01-03 01:59:07,830 Finished run
2019-01-03 02:11:24,505                                       
2019-01-03 02:11:24,506                                       
2019-01-03 02:11:24,506                                       
2019-01-03 02:11:24,506                                       
2019-01-03 02:11:24,506                                       
2019-01-03 02:11:24,506 New Run
2019-01-03 02:11:25,748 [[0.0, 0.0, 12.2625, 4.4869, -0.0, -0.0, 0.0, 0.0, 0.0, 0.0, 0.0, 0.0, 10.3079, 1.9341, 0.0, 0.2378, 0.0, 0.1349, 0.0, 0.0, -0.0, 4.7025, 0.0, 0.0, 0.0, 0.0, 0.0, 0.0, 0.0, 0.0, -0.0, 0.0, -0.0, 0.0, 2.27, 0.0, 0.0, 0.0, 0.4137, 0.0], 1, 2.7324410498566407]
2019-01-03 02:11:25,748 Finished run
2019-01-03 02:24:29,978                                       
2019-01-03 02:24:29,978                                       
2019-01-03 02:24:29,978                                       
2019-01-03 02:24:29,978                                       
2019-01-03 02:24:29,978                                       
2019-01-03 02:24:29,978 New Run
2019-01-03 02:24:31,405 [[-0.0, -0.0, 12.7974, 4.4037, -0.0, -0.0, -0.0, -0.0, -0.0, -0.0, -0.0, -0.0, 10.1007, 1.9437, -0.0, 0.2362, -0.0, 0.1341, -0.0, -0.0, -0.0, 4.7053, -0.0, -0.0, -0.0, -0.0, -0.0, -0.0, -0.0, -0.0, -0.0, -0.0, -0.0, -0.0, 2.27, -0.0, -0.0, -0.0, 0.4128, -0.0], 1, 2.732345654191553]
2019-01-03 02:24:31,406 Finished run
