



   ---------------------------------------------------------------------------
     START OF THE SEQUENTIAL LEAST SQUARES PROGRAMMING ALGORIT  
   ---------------------------------------------------------------------------

     PARAMETERS:
        ACC =   0.1000D-05
        MAXITER = 50
        IPRINT =   2
IOUT =   6




     ITER =    1     OBJ =  0.46206026E+01
      0.1916E+01
     -0.8256E-12
      0.2036E+00
      0.3258E+01
      0.2300E+01
      0.2300E+01
      0.9750E+01
     -0.9355E-12
      0.5000E+00
      0.1000E+00
      0.1000E+00
      0.2000E+01
      0.3028E+01
      0.2000E+01
     -0.7891E-12
     -0.9082E-12
     -0.7907E-12
     -0.8267E-12
      0.2000E+01
     -0.1058E-11
     -0.6897E-12
      0.3000E+00
     -0.4468E-12
     -0.1092E-11
     -0.1260E-11


     ITER =    2     OBJ =  0.46206026E+01
      0.1916E+01
     -0.8254E-12
      0.2036E+00
      0.3258E+01
      0.2300E+01
      0.2300E+01
      0.9750E+01
     -0.9356E-12
      0.5000E+00
      0.1000E+00
      0.1000E+00
      0.2000E+01
      0.3028E+01
      0.2000E+01
     -0.7892E-12
     -0.9081E-12
     -0.7909E-12
     -0.8267E-12
      0.2000E+01
     -0.1058E-11
     -0.6898E-12
      0.3000E+00
     -0.4470E-12
     -0.1092E-11
     -0.1260E-11


     ITER =    3     OBJ =  0.46206026E+01
      0.1916E+01
     -0.8254E-12
      0.2036E+00
      0.3258E+01
      0.2300E+01
      0.2300E+01
      0.9750E+01
     -0.9356E-12
      0.5000E+00
      0.1000E+00
      0.1000E+00
      0.2000E+01
      0.3028E+01
      0.2000E+01
     -0.7892E-12
     -0.9081E-12
     -0.7909E-12
     -0.8267E-12
      0.2000E+01
     -0.1058E-11
     -0.6898E-12
      0.3000E+00
     -0.4470E-12
     -0.1092E-11
     -0.1260E-11


     ITER =    5     OBJ =  0.46206026E+01
      0.1916E+01
     -0.8255E-12
      0.2036E+00
      0.3258E+01
      0.2300E+01
      0.2300E+01
      0.9750E+01
     -0.9356E-12
      0.5000E+00
      0.1000E+00
      0.1000E+00
      0.2000E+01
      0.3028E+01
      0.2000E+01
     -0.7893E-12
     -0.9081E-12
     -0.7908E-12
     -0.8267E-12
      0.2000E+01
     -0.1058E-11
     -0.6899E-12
      0.3000E+00
     -0.4471E-12
     -0.1092E-11
     -0.1260E-11


     ITER =    7     OBJ =  0.46206026E+01
      0.1916E+01
     -0.8256E-12
      0.2036E+00
      0.3258E+01
      0.2300E+01
      0.2300E+01
      0.9750E+01
     -0.9356E-12
      0.5000E+00
      0.1000E+00
      0.1000E+00
      0.2000E+01
      0.3028E+01
      0.2000E+01
     -0.7893E-12
     -0.9081E-12
     -0.7908E-12
     -0.8267E-12
      0.2000E+01
     -0.1058E-11
     -0.6899E-12
      0.3000E+00
     -0.4471E-12
     -0.1092E-11
     -0.1260E-11


     ITER =    8     OBJ =  0.46206026E+01
      0.1916E+01
     -0.8259E-12
      0.2036E+00
      0.3258E+01
      0.2300E+01
      0.2300E+01
      0.9750E+01
     -0.9356E-12
      0.5000E+00
      0.1000E+00
      0.1000E+00
      0.2000E+01
      0.3028E+01
      0.2000E+01
     -0.7894E-12
     -0.9079E-12
     -0.7908E-12
     -0.8267E-12
      0.2000E+01
     -0.1058E-11
     -0.6901E-12
      0.3000E+00
     -0.4476E-12
     -0.1092E-11
     -0.1259E-11
        NUMBER OF FUNC-CALLS:  NFUNC =  57
        NUMBER OF GRAD-CALLS:  NGRAD =   7
